TN:
SF:src\Components\Banner.jsx
FN:5,(anonymous_0)
FNF:1
FNH:1
FNDA:3,(anonymous_0)
DA:5,2
DA:6,3
LF:2
LH:2
BRF:0
BRH:0
end_of_record
TN:
SF:src\Components\Faq.jsx
FN:2,(anonymous_0)
FNF:1
FNH:1
FNDA:3,(anonymous_0)
DA:2,2
DA:3,3
LF:2
LH:2
BRF:0
BRH:0
end_of_record
TN:
SF:src\Components\FeaturedProducts.jsx
FN:5,(anonymous_0)
FN:18,(anonymous_1)
FNF:2
FNH:2
FNDA:4,(anonymous_0)
FNDA:6,(anonymous_1)
DA:5,2
DA:6,4
DA:19,6
LF:3
LH:3
BRF:0
BRH:0
end_of_record
TN:
SF:src\Components\Footer.jsx
FN:4,(anonymous_0)
FNF:1
FNH:1
FNDA:3,(anonymous_0)
DA:4,2
DA:5,3
LF:2
LH:2
BRF:0
BRH:0
end_of_record
TN:
SF:src\Components\Navbar.jsx
FN:7,(anonymous_0)
FN:10,(anonymous_1)
FN:19,(anonymous_2)
FN:21,(anonymous_3)
FN:39,(anonymous_4)
FNF:5
FNH:2
FNDA:6,(anonymous_0)
FNDA:0,(anonymous_1)
FNDA:0,(anonymous_2)
FNDA:0,(anonymous_3)
FNDA:18,(anonymous_4)
DA:7,3
DA:8,6
DA:10,6
DA:11,0
DA:20,0
DA:21,0
DA:22,0
DA:34,6
DA:40,18
DA:50,6
LF:10
LH:6
BRDA:20,0,0,0
BRDA:20,0,1,0
BRDA:78,1,0,3
BRDA:78,1,1,3
BRDA:81,2,0,3
BRDA:81,2,1,3
BRF:6
BRH:4
end_of_record
TN:
SF:src\Components\AuthComponents\Login\Login.jsx
FN:7,(anonymous_0)
FN:12,(anonymous_1)
FN:18,(anonymous_2)
FN:25,(anonymous_3)
FN:29,(anonymous_4)
FN:32,(anonymous_5)
FN:33,(anonymous_6)
FN:48,(anonymous_7)
FN:55,(anonymous_8)
FN:58,(anonymous_9)
FNF:10
FNH:1
FNDA:4,(anonymous_0)
FNDA:0,(anonymous_1)
FNDA:0,(anonymous_2)
FNDA:0,(anonymous_3)
FNDA:0,(anonymous_4)
FNDA:0,(anonymous_5)
FNDA:0,(anonymous_6)
FNDA:0,(anonymous_7)
FNDA:0,(anonymous_8)
FNDA:0,(anonymous_9)
DA:7,2
DA:8,4
DA:9,4
DA:10,4
DA:11,4
DA:12,4
DA:13,0
DA:14,0
DA:15,0
DA:16,0
DA:17,0
DA:18,0
DA:19,0
DA:26,0
DA:27,0
DA:29,0
DA:32,4
DA:33,0
DA:34,0
DA:44,0
DA:49,0
DA:56,0
DA:59,0
DA:60,0
DA:64,4
LF:25
LH:8
BRDA:27,0,0,0
BRDA:27,0,1,0
BRDA:35,1,0,0
BRDA:35,1,1,0
BRDA:37,2,0,0
BRDA:37,2,1,0
BRDA:56,3,0,0
BRDA:56,3,1,0
BRDA:59,4,0,0
BRDA:59,4,1,0
BRF:10
BRH:0
end_of_record
TN:
SF:src\Components\AuthComponents\Register\Register.jsx
FN:6,(anonymous_0)
FN:14,(anonymous_1)
FN:49,(anonymous_2)
FN:66,(anonymous_3)
FN:66,(anonymous_4)
FN:75,(anonymous_5)
FN:77,(anonymous_6)
FN:87,(anonymous_7)
FN:91,(anonymous_8)
FN:143,(anonymous_9)
FNF:10
FNH:1
FNDA:4,(anonymous_0)
FNDA:0,(anonymous_1)
FNDA:0,(anonymous_2)
FNDA:0,(anonymous_3)
FNDA:0,(anonymous_4)
FNDA:0,(anonymous_5)
FNDA:0,(anonymous_6)
FNDA:0,(anonymous_7)
FNDA:0,(anonymous_8)
FNDA:0,(anonymous_9)
DA:6,2
DA:7,4
DA:8,4
DA:9,4
DA:10,4
DA:12,4
DA:13,4
DA:14,4
DA:15,0
DA:16,0
DA:17,0
DA:18,0
DA:19,0
DA:20,0
DA:22,0
DA:23,0
DA:27,0
DA:28,0
DA:30,0
DA:35,0
DA:37,0
DA:38,0
DA:39,0
DA:42,0
DA:43,0
DA:44,0
DA:47,0
DA:49,0
DA:50,0
DA:60,0
DA:66,0
DA:67,0
DA:69,0
DA:76,0
DA:77,0
DA:78,0
DA:83,0
DA:88,0
DA:92,0
DA:96,4
DA:143,0
LF:41
LH:9
BRDA:22,0,0,0
BRDA:22,0,1,0
BRDA:37,1,0,0
BRDA:37,1,1,0
BRDA:42,2,0,0
BRDA:42,2,1,0
BRDA:53,3,0,0
BRDA:53,3,1,0
BRDA:67,4,0,0
BRDA:67,4,1,0
BRDA:147,5,0,4
BRDA:147,5,1,0
BRF:12
BRH:1
end_of_record
TN:
SF:src\Components\DashboardComponents\EditProfile.jsx
FN:5,(anonymous_0)
FN:12,(anonymous_1)
FN:94,(anonymous_2)
FNF:3
FNH:1
FNDA:2,(anonymous_0)
FNDA:0,(anonymous_1)
FNDA:0,(anonymous_2)
DA:5,2
DA:6,2
DA:7,2
DA:8,2
DA:10,2
DA:12,1
DA:13,0
DA:14,0
DA:15,0
DA:16,0
DA:18,0
DA:19,0
DA:20,0
DA:21,0
DA:22,0
DA:23,0
DA:27,0
DA:28,0
DA:30,0
DA:31,0
DA:32,0
DA:34,0
DA:37,0
DA:44,0
DA:45,0
DA:46,0
DA:51,0
DA:52,0
DA:53,0
DA:54,0
DA:60,0
DA:61,0
DA:68,0
DA:71,1
DA:95,0
DA:96,0
LF:36
LH:7
BRDA:10,0,0,1
BRDA:10,0,1,1
BRDA:18,1,0,0
BRDA:18,1,1,0
BRDA:45,2,0,0
BRDA:45,2,1,0
BRDA:51,3,0,0
BRDA:51,3,1,0
BRDA:53,4,0,0
BRDA:53,4,1,0
BRDA:53,5,0,0
BRDA:53,5,1,0
BRDA:96,6,0,0
BRDA:96,6,1,0
BRDA:101,7,0,2
BRDA:101,7,1,1
BRDA:109,8,0,0
BRDA:109,8,1,1
BRF:18
BRH:5
end_of_record
TN:
SF:src\Components\DashboardComponents\Orders\AdminOrders.jsx
FN:4,(anonymous_0)
FN:6,(anonymous_1)
FN:7,(anonymous_2)
FN:7,(anonymous_3)
FN:8,(anonymous_4)
FN:11,(anonymous_5)
FN:14,(anonymous_6)
FN:37,(anonymous_7)
FN:37,(anonymous_8)
FN:59,(anonymous_9)
FN:107,(anonymous_10)
FN:114,(anonymous_11)
FNF:12
FNH:3
FNDA:2,(anonymous_0)
FNDA:2,(anonymous_1)
FNDA:0,(anonymous_2)
FNDA:0,(anonymous_3)
FNDA:0,(anonymous_4)
FNDA:2,(anonymous_5)
FNDA:0,(anonymous_6)
FNDA:0,(anonymous_7)
FNDA:0,(anonymous_8)
FNDA:0,(anonymous_9)
FNDA:0,(anonymous_10)
FNDA:0,(anonymous_11)
DA:4,2
DA:5,2
DA:6,2
DA:7,2
DA:8,0
DA:11,2
DA:12,2
DA:14,2
DA:15,0
DA:23,0
DA:25,0
DA:33,0
DA:35,0
DA:36,0
DA:37,0
DA:38,0
DA:42,2
DA:60,0
DA:107,0
DA:114,0
LF:20
LH:8
BRDA:23,0,0,0
BRDA:23,0,1,0
BRDA:35,1,0,0
BRDA:35,1,1,0
BRDA:38,2,0,0
BRDA:38,2,1,0
BRDA:88,3,0,0
BRDA:88,3,1,0
BRDA:90,4,0,0
BRDA:90,4,1,0
BRDA:104,5,0,0
BRDA:104,5,1,0
BRDA:127,6,0,2
BRDA:127,6,1,2
BRF:14
BRH:2
end_of_record
TN:
SF:src\Components\DashboardComponents\Orders\Orders.jsx
FN:3,(anonymous_0)
FN:20,(anonymous_1)
FNF:2
FNH:2
FNDA:3,(anonymous_0)
FNDA:2,(anonymous_1)
DA:3,2
DA:4,3
DA:21,2
LF:3
LH:3
BRDA:35,0,0,2
BRDA:35,0,1,0
BRDA:37,1,0,0
BRDA:37,1,1,0
BRDA:39,2,0,0
BRDA:39,2,1,0
BRDA:54,3,0,3
BRDA:54,3,1,1
BRF:8
BRH:3
end_of_record
TN:
SF:src\Components\DashboardComponents\Users\Users.jsx
FN:2,(anonymous_0)
FN:22,(anonymous_1)
FNF:2
FNH:2
FNDA:3,(anonymous_0)
FNDA:2,(anonymous_1)
DA:2,2
DA:4,3
DA:23,2
LF:3
LH:3
BRF:0
BRH:0
end_of_record
TN:
SF:src\Components\Loading\Loading.jsx
FN:3,(anonymous_0)
FNF:1
FNH:1
FNDA:1,(anonymous_0)
DA:3,2
DA:4,1
LF:2
LH:2
BRF:0
BRH:0
end_of_record
TN:
SF:src\Components\Products\Product.jsx
FN:8,(anonymous_0)
FNF:1
FNH:1
FNDA:57,(anonymous_0)
DA:8,6
DA:10,57
DA:11,57
DA:13,57
LF:4
LH:4
BRDA:11,0,0,57
BRDA:11,0,1,45
BRDA:21,1,0,57
BRDA:21,1,1,18
BRDA:47,2,0,39
BRDA:47,2,1,18
BRF:6
BRH:6
end_of_record
TN:
SF:src\Layouts\HomeLayout.jsx
FN:6,(anonymous_0)
FNF:1
FNH:1
FNDA:1,(anonymous_0)
DA:6,2
DA:7,1
LF:2
LH:2
BRF:0
BRH:0
end_of_record
TN:
SF:src\Pages\AddProducts.jsx
FN:6,(anonymous_0)
FN:9,(anonymous_1)
FN:90,(anonymous_2)
FNF:3
FNH:1
FNDA:4,(anonymous_0)
FNDA:0,(anonymous_1)
FNDA:0,(anonymous_2)
DA:6,2
DA:7,4
DA:9,4
DA:10,0
DA:12,0
DA:13,0
DA:15,0
DA:16,0
DA:20,0
DA:21,0
DA:23,0
DA:28,0
DA:30,0
DA:40,0
DA:46,0
DA:48,0
DA:49,0
DA:56,0
DA:57,0
DA:61,4
DA:90,0
LF:21
LH:4
BRDA:15,0,0,0
BRDA:15,0,1,0
BRDA:48,1,0,0
BRDA:48,1,1,0
BRDA:94,2,0,4
BRDA:94,2,1,0
BRF:6
BRH:1
end_of_record
TN:
SF:src\Pages\Checkout.jsx
FN:7,(anonymous_0)
FN:20,(anonymous_1)
FN:23,(anonymous_2)
FN:33,(anonymous_3)
FN:39,(anonymous_4)
FN:41,(anonymous_5)
FN:51,(anonymous_6)
FN:138,(anonymous_7)
FN:146,(anonymous_8)
FN:154,(anonymous_9)
FNF:10
FNH:3
FNDA:26,(anonymous_0)
FNDA:13,(anonymous_1)
FNDA:13,(anonymous_2)
FNDA:0,(anonymous_3)
FNDA:0,(anonymous_4)
FNDA:0,(anonymous_5)
FNDA:0,(anonymous_6)
FNDA:0,(anonymous_7)
FNDA:0,(anonymous_8)
FNDA:0,(anonymous_9)
DA:7,4
DA:8,26
DA:9,26
DA:10,26
DA:11,26
DA:12,26
DA:13,26
DA:20,26
DA:21,13
DA:23,13
DA:33,26
DA:34,0
DA:35,0
DA:39,26
DA:40,0
DA:41,0
DA:47,26
DA:48,26
DA:49,26
DA:51,26
DA:52,0
DA:54,0
DA:62,0
DA:72,0
DA:74,0
DA:75,0
DA:83,0
DA:85,0
DA:86,0
DA:93,0
DA:96,0
DA:97,0
DA:101,26
DA:138,0
DA:146,0
DA:154,0
LF:36
LH:17
BRDA:21,0,0,13
BRDA:21,0,1,0
BRDA:25,1,0,13
BRDA:25,1,1,0
BRDA:26,2,0,13
BRDA:26,2,1,0
BRDA:27,3,0,13
BRDA:27,3,1,0
BRDA:28,4,0,13
BRDA:28,4,1,0
BRDA:34,5,0,0
BRDA:34,5,1,0
BRDA:34,6,0,0
BRDA:34,6,1,0
BRDA:72,7,0,0
BRDA:72,7,1,0
BRDA:85,8,0,0
BRDA:85,8,1,0
BRDA:146,9,0,0
BRDA:146,9,1,0
BRDA:256,10,0,0
BRDA:256,10,1,26
BRF:22
BRH:6
end_of_record
TN:
SF:src\Pages\Contact.jsx
FN:4,(anonymous_0)
FNF:1
FNH:1
FNDA:4,(anonymous_0)
DA:4,2
DA:5,4
LF:2
LH:2
BRF:0
BRH:0
end_of_record
TN:
SF:src\Pages\Dashboard.jsx
FN:12,(anonymous_0)
FN:19,(anonymous_1)
FN:21,(anonymous_2)
FN:22,(anonymous_3)
FN:27,(anonymous_4)
FN:29,(anonymous_5)
FN:31,(anonymous_6)
FN:32,(anonymous_7)
FN:32,(anonymous_8)
FN:36,(anonymous_9)
FN:52,(anonymous_10)
FN:54,(anonymous_11)
FNF:12
FNH:5
FNDA:7,(anonymous_0)
FNDA:7,(anonymous_1)
FNDA:0,(anonymous_2)
FNDA:0,(anonymous_3)
FNDA:7,(anonymous_4)
FNDA:7,(anonymous_5)
FNDA:0,(anonymous_6)
FNDA:0,(anonymous_7)
FNDA:0,(anonymous_8)
FNDA:7,(anonymous_9)
FNDA:0,(anonymous_10)
FNDA:0,(anonymous_11)
DA:12,3
DA:13,7
DA:14,7
DA:15,7
DA:16,7
DA:17,7
DA:19,7
DA:20,7
DA:21,0
DA:23,0
DA:24,0
DA:27,7
DA:28,7
DA:29,7
DA:30,7
DA:31,0
DA:32,0
DA:34,7
DA:35,7
DA:36,7
DA:38,7
DA:39,7
DA:52,0
DA:54,0
LF:24
LH:17
BRDA:28,0,0,0
BRDA:28,0,1,7
BRDA:58,1,0,3
BRDA:58,1,1,4
BRF:4
BRH:3
end_of_record
TN:
SF:src\Pages\Developer.jsx
FN:4,(anonymous_0)
FNF:1
FNH:1
FNDA:3,(anonymous_0)
DA:4,2
DA:5,3
LF:2
LH:2
BRF:0
BRH:0
end_of_record
TN:
SF:src\Pages\Home.jsx
FN:9,(anonymous_0)
FNF:1
FNH:1
FNDA:1,(anonymous_0)
DA:9,2
DA:10,1
DA:11,1
DA:12,1
DA:16,1
LF:5
LH:5
BRF:0
BRH:0
end_of_record
TN:
SF:src\Pages\ProductDetails.jsx
FN:8,(anonymous_0)
FN:15,(anonymous_1)
FN:24,(anonymous_2)
FN:30,(anonymous_3)
FN:30,(anonymous_4)
FN:33,(anonymous_5)
FN:39,(anonymous_6)
FN:137,(anonymous_7)
FNF:8
FNH:1
FNDA:7,(anonymous_0)
FNDA:0,(anonymous_1)
FNDA:0,(anonymous_2)
FNDA:0,(anonymous_3)
FNDA:0,(anonymous_4)
FNDA:0,(anonymous_5)
FNDA:0,(anonymous_6)
FNDA:0,(anonymous_7)
DA:8,2
DA:9,7
DA:11,7
DA:12,7
DA:13,7
DA:14,7
DA:15,7
DA:16,0
DA:26,0
DA:28,0
DA:30,0
DA:32,0
DA:33,0
DA:34,0
DA:35,0
DA:40,0
DA:47,7
DA:137,0
LF:18
LH:8
BRDA:26,0,0,0
BRDA:26,0,1,0
BRDA:32,1,0,0
BRDA:32,1,1,0
BRDA:86,2,0,7
BRDA:86,2,1,1
BRDA:88,3,0,1
BRDA:88,3,1,0
BRDA:93,4,0,7
BRDA:93,4,1,0
BRDA:112,5,0,0
BRDA:112,5,1,7
BRDA:113,6,0,0
BRDA:113,6,1,7
BRDA:126,7,0,7
BRDA:126,7,1,1
BRF:16
BRH:8
end_of_record
TN:
SF:src\Pages\Products.jsx
FN:8,(anonymous_0)
FN:19,(anonymous_1)
FN:23,(anonymous_2)
FN:25,(anonymous_3)
FN:28,(anonymous_4)
FN:30,(anonymous_5)
FN:46,(anonymous_6)
FN:71,(anonymous_7)
FN:81,(anonymous_8)
FN:85,(anonymous_9)
FN:94,(anonymous_10)
FN:103,(anonymous_11)
FN:114,(anonymous_12)
FN:140,(anonymous_13)
FNF:14
FNH:9
FNDA:26,(anonymous_0)
FNDA:12,(anonymous_1)
FNDA:12,(anonymous_2)
FNDA:33,(anonymous_3)
FNDA:26,(anonymous_4)
FNDA:71,(anonymous_5)
FNDA:0,(anonymous_6)
FNDA:14,(anonymous_7)
FNDA:0,(anonymous_8)
FNDA:52,(anonymous_9)
FNDA:0,(anonymous_10)
FNDA:0,(anonymous_11)
FNDA:0,(anonymous_12)
FNDA:44,(anonymous_13)
DA:8,4
DA:9,26
DA:10,26
DA:11,26
DA:13,26
DA:14,26
DA:15,26
DA:16,26
DA:17,26
DA:19,26
DA:20,12
DA:23,26
DA:24,12
DA:25,33
DA:28,26
DA:29,26
DA:30,26
DA:31,71
DA:32,42
DA:33,42
DA:34,42
DA:35,42
DA:37,44
DA:38,44
DA:39,44
DA:40,44
DA:42,44
DA:46,26
DA:47,0
DA:48,0
DA:49,0
DA:50,0
DA:51,0
DA:54,26
DA:56,26
DA:57,26
DA:71,14
DA:81,0
DA:86,52
DA:94,0
DA:103,0
DA:114,0
DA:141,44
LF:43
LH:34
BRDA:24,0,0,0
BRDA:24,0,1,12
BRDA:29,1,0,0
BRDA:29,1,1,26
BRDA:31,2,0,42
BRDA:31,2,1,29
BRDA:35,3,0,27
BRDA:35,3,1,15
BRDA:35,4,0,42
BRDA:35,4,1,31
BRDA:37,5,0,0
BRDA:37,5,1,44
BRDA:37,6,0,44
BRDA:37,6,1,0
BRDA:38,7,0,0
BRDA:38,7,1,44
BRDA:38,8,0,44
BRDA:38,8,1,0
BRDA:39,9,0,0
BRDA:39,9,1,44
BRDA:39,10,0,44
BRDA:39,10,1,0
BRDA:40,11,0,0
BRDA:40,11,1,44
BRDA:40,12,0,44
BRDA:40,12,1,0
BRDA:40,12,2,0
BRDA:40,12,3,0
BRDA:54,13,0,26
BRDA:54,13,1,12
BRDA:54,13,2,12
BRDA:54,13,3,12
BRDA:54,13,4,12
BRDA:122,14,0,26
BRDA:122,14,1,14
BRDA:130,15,0,26
BRDA:130,15,1,2
BRDA:135,16,0,15
BRDA:135,16,1,11
BRDA:139,17,0,22
BRDA:139,17,1,4
BRF:41
BRH:29
end_of_record
TN:
SF:src\Pages\UpdateProduct.jsx
FN:6,(anonymous_0)
FN:11,(anonymous_1)
FN:43,(anonymous_2)
FN:43,(anonymous_3)
FN:99,(anonymous_4)
FNF:5
FNH:1
FNDA:4,(anonymous_0)
FNDA:0,(anonymous_1)
FNDA:0,(anonymous_2)
FNDA:0,(anonymous_3)
FNDA:0,(anonymous_4)
DA:6,2
DA:7,4
DA:8,4
DA:9,4
DA:10,4
DA:11,4
DA:12,0
DA:13,0
DA:14,0
DA:15,0
DA:16,0
DA:17,0
DA:19,0
DA:24,0
DA:25,0
DA:27,0
DA:37,0
DA:43,0
DA:44,0
DA:45,0
DA:57,4
DA:100,0
DA:101,0
DA:102,0
DA:103,0
LF:25
LH:7
BRDA:15,0,0,0
BRDA:15,0,1,0
BRDA:44,1,0,0
BRDA:44,1,1,0
BRDA:101,2,0,0
BRDA:101,2,1,0
BRDA:108,3,0,4
BRDA:108,3,1,4
BRF:8
BRH:2
end_of_record
TN:
SF:src\Provider\AuthProvider\AuthProvider.jsx
FN:9,(anonymous_0)
FN:16,(anonymous_1)
FN:21,(anonymous_2)
FN:23,(anonymous_3)
FN:27,(anonymous_4)
FN:32,(anonymous_5)
FN:35,(anonymous_6)
FN:39,(anonymous_7)
FN:40,(anonymous_8)
FN:44,(anonymous_9)
FNF:10
FNH:4
FNDA:2,(anonymous_0)
FNDA:0,(anonymous_1)
FNDA:0,(anonymous_2)
FNDA:0,(anonymous_3)
FNDA:0,(anonymous_4)
FNDA:0,(anonymous_5)
FNDA:0,(anonymous_6)
FNDA:1,(anonymous_7)
FNDA:1,(anonymous_8)
FNDA:1,(anonymous_9)
DA:7,21
DA:9,21
DA:10,2
DA:11,2
DA:12,2
DA:15,2
DA:16,2
DA:17,0
DA:18,0
DA:21,2
DA:23,2
DA:24,0
DA:25,0
DA:27,2
DA:29,0
DA:30,0
DA:32,2
DA:33,0
DA:35,2
DA:36,0
DA:37,0
DA:39,2
DA:40,1
DA:41,1
DA:42,1
DA:44,1
DA:45,1
DA:50,2
DA:64,2
LF:29
LH:20
BRF:0
BRH:0
end_of_record
TN:
SF:src\Provider\AuthProvider\DataProvider.jsx
FN:6,(anonymous_0)
FN:10,(anonymous_1)
FN:13,(anonymous_2)
FN:14,(anonymous_3)
FN:29,(anonymous_4)
FNF:5
FNH:2
FNDA:1,(anonymous_0)
FNDA:1,(anonymous_1)
FNDA:0,(anonymous_2)
FNDA:0,(anonymous_3)
FNDA:0,(anonymous_4)
DA:4,15
DA:6,15
DA:7,1
DA:8,1
DA:9,1
DA:10,1
DA:11,1
DA:12,0
DA:13,0
DA:15,0
DA:16,0
DA:18,0
DA:30,0
DA:44,1
DA:51,1
LF:15
LH:9
BRDA:11,0,0,0
BRDA:11,0,1,1
BRDA:15,1,0,0
BRDA:15,1,1,0
BRDA:15,2,0,0
BRDA:15,2,1,0
BRDA:19,3,0,0
BRDA:19,3,1,0
BRDA:21,4,0,0
BRDA:21,4,1,0
BRDA:31,5,0,0
BRDA:31,5,1,0
BRDA:33,6,0,0
BRDA:33,6,1,0
BRF:14
BRH:1
end_of_record
TN:
SF:src\Routes\PrivateRoute.jsx
FN:6,(anonymous_0)
FNF:1
FNH:1
FNDA:5,(anonymous_0)
DA:6,2
DA:7,5
DA:8,5
DA:9,5
DA:10,1
DA:12,4
DA:13,1
DA:16,3
LF:8
LH:8
BRDA:9,0,0,1
BRDA:9,0,1,4
BRDA:12,1,0,1
BRDA:12,1,1,3
BRF:4
BRH:4
end_of_record
TN:
SF:src\Routes\Router.jsx
FN:25,(anonymous_0)
FN:25,(anonymous_1)
FN:32,(anonymous_2)
FN:32,(anonymous_3)
FN:42,(anonymous_4)
FN:42,(anonymous_5)
FN:48,(anonymous_6)
FN:48,(anonymous_7)
FN:62,(anonymous_8)
FN:62,(anonymous_9)
FNF:10
FNH:1
FNDA:1,(anonymous_0)
FNDA:0,(anonymous_1)
FNDA:0,(anonymous_2)
FNDA:0,(anonymous_3)
FNDA:0,(anonymous_4)
FNDA:0,(anonymous_5)
FNDA:0,(anonymous_6)
FNDA:0,(anonymous_7)
FNDA:0,(anonymous_8)
FNDA:0,(anonymous_9)
DA:16,1
DA:25,1
DA:32,0
DA:42,0
DA:48,0
DA:62,0
LF:6
LH:2
BRF:0
BRH:0
end_of_record
